<?xml version="1.0" encoding="UTF-8"?>
<!-- Generated by org.testng.reporters.JUnitXMLReporter -->
<testsuite ignored="1" hostname="DESKTOP-KA91B3B" failures="1" tests="3" name="BankingApp Test" time="24.24" errors="0" timestamp="2021-04-16T23:55:45 BDT">
  <testcase classname="com.guru99BankingDemo.testCases.CustomerModuleTest" name="addNewCustomer" time="9.027"/>
  <testcase classname="com.guru99BankingDemo.testCases.CustomerModuleTest" name="addNewCustomer" time="2.456">
    <failure type="java.lang.AssertionError" message="null">
      <![CDATA[java.lang.AssertionError: null
at com.guru99BankingDemo.testCases.CustomerModuleTest.addNewCustomer(CustomerModuleTest.java:36)
at java.base/java.util.ArrayList.forEach(ArrayList.java:1511)
... Removed 29 stack frames]]>
    </failure>
  </testcase> <!-- addNewCustomer -->
  <testcase classname="com.guru99BankingDemo.testCases.CustomerModuleTest" name="addNewCustomer" time="5.879"/>
  <testcase classname="com.guru99BankingDemo.testCases.CustomerModuleTest" name="resetCustomerForm" time="0.0">
    <ignored/>
  </testcase> <!-- resetCustomerForm -->
</testsuite> <!-- BankingApp Test -->
