<?xml version="1.0" encoding="UTF-8"?>
<testng-results ignored="1" total="4" passed="2" failed="1" skipped="0">
  <reporter-output>
  </reporter-output>
  <suite started-at="2021-04-16T23:55:21 BDT" name="guru99Banking Demo" finished-at="2021-04-16T23:55:45 BDT" duration-ms="24240">
    <groups>
    </groups>
    <test started-at="2021-04-16T23:55:21 BDT" name="BankingApp Test" finished-at="2021-04-16T23:55:45 BDT" duration-ms="24240">
      <class name="com.guru99BankingDemo.testCases.CustomerModuleTest">
        <test-method is-config="true" signature="setUp(java.lang.String)[pri:0, instance:com.guru99BankingDemo.testCases.CustomerModuleTest@1534f01b]" started-at="2021-04-16T23:55:21 BDT" name="setUp" finished-at="2021-04-16T23:55:23 BDT" duration-ms="2462" status="PASS">
          <params>
            <param index="0">
              <value>
                <![CDATA[chrome]]>
              </value>
            </param>
          </params>
          <reporter-output>
          </reporter-output>
        </test-method> <!-- setUp -->
        <test-method signature="addNewCustomer(java.lang.String, java.lang.String, java.lang.String, java.lang.String, java.lang.String, java.lang.String, java.lang.String, java.lang.String, java.lang.String, java.lang.String, java.lang.String, java.lang.String)[pri:1, instance:com.guru99BankingDemo.testCases.CustomerModuleTest@1534f01b]" started-at="2021-04-16T23:55:26 BDT" name="addNewCustomer" description="Add new Customer using valid and invalid data" data-provider="AddNewCustomerData" finished-at="2021-04-16T23:55:36 BDT" duration-ms="9027" status="PASS">
          <params>
            <param index="0">
              <value>
                <![CDATA[Auntor]]>
              </value>
            </param>
            <param index="1">
              <value>
                <![CDATA[male]]>
              </value>
            </param>
            <param index="2">
              <value>
                <![CDATA[11]]>
              </value>
            </param>
            <param index="3">
              <value>
                <![CDATA[22]]>
              </value>
            </param>
            <param index="4">
              <value>
                <![CDATA[1998]]>
              </value>
            </param>
            <param index="5">
              <value>
                <![CDATA[pathrail]]>
              </value>
            </param>
            <param index="6">
              <value>
                <![CDATA[Tangail]]>
              </value>
            </param>
            <param index="7">
              <value>
                <![CDATA[dhaka]]>
              </value>
            </param>
            <param index="8">
              <value>
                <![CDATA[191212]]>
              </value>
            </param>
            <param index="9">
              <value>
                <![CDATA[5461452]]>
              </value>
            </param>
            <param index="10">
              <value>
                <![CDATA[dfvdf7474d@gmail.com]]>
              </value>
            </param>
            <param index="11">
              <value>
                <![CDATA[12345##abc]]>
              </value>
            </param>
          </params>
          <reporter-output>
          </reporter-output>
        </test-method> <!-- addNewCustomer -->
        <test-method signature="addNewCustomer(java.lang.String, java.lang.String, java.lang.String, java.lang.String, java.lang.String, java.lang.String, java.lang.String, java.lang.String, java.lang.String, java.lang.String, java.lang.String, java.lang.String)[pri:1, instance:com.guru99BankingDemo.testCases.CustomerModuleTest@1534f01b]" started-at="2021-04-16T23:55:36 BDT" name="addNewCustomer" description="Add new Customer using valid and invalid data" data-provider="AddNewCustomerData" finished-at="2021-04-16T23:55:38 BDT" duration-ms="2456" status="FAIL">
          <params>
            <param index="0">
              <value>
                <![CDATA[]]>
              </value>
            </param>
            <param index="1">
              <value>
                <![CDATA[]]>
              </value>
            </param>
            <param index="2">
              <value>
                <![CDATA[]]>
              </value>
            </param>
            <param index="3">
              <value>
                <![CDATA[]]>
              </value>
            </param>
            <param index="4">
              <value>
                <![CDATA[]]>
              </value>
            </param>
            <param index="5">
              <value>
                <![CDATA[]]>
              </value>
            </param>
            <param index="6">
              <value>
                <![CDATA[]]>
              </value>
            </param>
            <param index="7">
              <value>
                <![CDATA[]]>
              </value>
            </param>
            <param index="8">
              <value>
                <![CDATA[]]>
              </value>
            </param>
            <param index="9">
              <value>
                <![CDATA[]]>
              </value>
            </param>
            <param index="10">
              <value>
                <![CDATA[]]>
              </value>
            </param>
            <param index="11">
              <value>
                <![CDATA[]]>
              </value>
            </param>
          </params>
          <exception class="java.lang.AssertionError">
            <message>
              <![CDATA[null]]>
            </message>
            <full-stacktrace>
              <![CDATA[java.lang.AssertionError: null
at org.testng.Assert.fail(Assert.java:99)
at org.testng.Assert.fail(Assert.java:106)
at com.guru99BankingDemo.testCases.CustomerModuleTest.addNewCustomer(CustomerModuleTest.java:36)
at java.base/jdk.internal.reflect.NativeMethodAccessorImpl.invoke0(Native Method)
at java.base/jdk.internal.reflect.NativeMethodAccessorImpl.invoke(NativeMethodAccessorImpl.java:64)
at java.base/jdk.internal.reflect.DelegatingMethodAccessorImpl.invoke(DelegatingMethodAccessorImpl.java:43)
at java.base/java.lang.reflect.Method.invoke(Method.java:564)
at org.testng.internal.MethodInvocationHelper.invokeMethod(MethodInvocationHelper.java:132)
at org.testng.internal.TestInvoker.invokeMethod(TestInvoker.java:599)
at org.testng.internal.TestInvoker.invokeTestMethod(TestInvoker.java:174)
at org.testng.internal.MethodRunner.runInSequence(MethodRunner.java:46)
at org.testng.internal.TestInvoker$MethodInvocationAgent.invoke(TestInvoker.java:822)
at org.testng.internal.TestInvoker.invokeTestMethods(TestInvoker.java:147)
at org.testng.internal.TestMethodWorker.invokeTestMethods(TestMethodWorker.java:146)
at org.testng.internal.TestMethodWorker.run(TestMethodWorker.java:128)
at java.base/java.util.ArrayList.forEach(ArrayList.java:1511)
at org.testng.TestRunner.privateRun(TestRunner.java:764)
at org.testng.TestRunner.run(TestRunner.java:585)
at org.testng.SuiteRunner.runTest(SuiteRunner.java:384)
at org.testng.SuiteRunner.runSequentially(SuiteRunner.java:378)
at org.testng.SuiteRunner.privateRun(SuiteRunner.java:337)
at org.testng.SuiteRunner.run(SuiteRunner.java:286)
at org.testng.SuiteRunnerWorker.runSuite(SuiteRunnerWorker.java:53)
at org.testng.SuiteRunnerWorker.run(SuiteRunnerWorker.java:96)
at org.testng.TestNG.runSuitesSequentially(TestNG.java:1218)
at org.testng.TestNG.runSuitesLocally(TestNG.java:1140)
at org.testng.TestNG.runSuites(TestNG.java:1069)
at org.testng.TestNG.run(TestNG.java:1037)
at org.testng.remote.AbstractRemoteTestNG.run(AbstractRemoteTestNG.java:115)
at org.testng.remote.RemoteTestNG.initAndRun(RemoteTestNG.java:251)
at org.testng.remote.RemoteTestNG.main(RemoteTestNG.java:77)
]]>
            </full-stacktrace>
          </exception> <!-- java.lang.AssertionError -->
          <reporter-output>
          </reporter-output>
        </test-method> <!-- addNewCustomer -->
        <test-method signature="addNewCustomer(java.lang.String, java.lang.String, java.lang.String, java.lang.String, java.lang.String, java.lang.String, java.lang.String, java.lang.String, java.lang.String, java.lang.String, java.lang.String, java.lang.String)[pri:1, instance:com.guru99BankingDemo.testCases.CustomerModuleTest@1534f01b]" started-at="2021-04-16T23:55:38 BDT" name="addNewCustomer" description="Add new Customer using valid and invalid data" data-provider="AddNewCustomerData" finished-at="2021-04-16T23:55:44 BDT" duration-ms="5879" status="PASS">
          <params>
            <param index="0">
              <value>
                <![CDATA[Auntor]]>
              </value>
            </param>
            <param index="1">
              <value>
                <![CDATA[male]]>
              </value>
            </param>
            <param index="2">
              <value>
                <![CDATA[11]]>
              </value>
            </param>
            <param index="3">
              <value>
                <![CDATA[22]]>
              </value>
            </param>
            <param index="4">
              <value>
                <![CDATA[1998]]>
              </value>
            </param>
            <param index="5">
              <value>
                <![CDATA[pathrail]]>
              </value>
            </param>
            <param index="6">
              <value>
                <![CDATA[Tangail]]>
              </value>
            </param>
            <param index="7">
              <value>
                <![CDATA[dhaka]]>
              </value>
            </param>
            <param index="8">
              <value>
                <![CDATA[12123]]>
              </value>
            </param>
            <param index="9">
              <value>
                <![CDATA[1795486253]]>
              </value>
            </param>
            <param index="10">
              <value>
                <![CDATA[achar@gmail.com]]>
              </value>
            </param>
            <param index="11">
              <value>
                <![CDATA[12345##abc]]>
              </value>
            </param>
          </params>
          <reporter-output>
          </reporter-output>
        </test-method> <!-- addNewCustomer -->
        <test-method is-config="true" signature="tearDown()[pri:0, instance:com.guru99BankingDemo.testCases.CustomerModuleTest@1534f01b]" started-at="2021-04-16T23:55:44 BDT" name="tearDown" finished-at="2021-04-16T23:55:45 BDT" duration-ms="877" status="PASS">
          <reporter-output>
          </reporter-output>
        </test-method> <!-- tearDown -->
      </class> <!-- com.guru99BankingDemo.testCases.CustomerModuleTest -->
    </test> <!-- BankingApp Test -->
  </suite> <!-- guru99Banking Demo -->
</testng-results>
